[     226ms] [ERROR] Failed to load resource: the server responded with a status of 404 (Not Found) @ http://localhost:3000/favicon.ico:0
[  295279ms] [ERROR] Failed to load resource: the server responded with a status of 404 (Not Found) @ http://localhost:3000/_next/image?url=https%3A%2F%2Fimages.unsplash.com%2Fphoto-1586523969104-1d40d075ef51%3Fw%3D800%26q%3D80&w=828&q=75:0
[  295336ms] [ERROR] Failed to load resource: the server responded with a status of 404 (Not Found) @ http://localhost:3000/_next/image?url=https%3A%2F%2Fimages.unsplash.com%2Fphoto-1555990538-1e27583de5e1%3Fw%3D800%26q%3D80&w=828&q=75:0
[  359599ms] [ERROR] Failed to load resource: the server responded with a status of 404 (Not Found) @ http://localhost:3000/_next/image?url=https%3A%2F%2Fimages.unsplash.com%2Fphoto-1586523969104-1d40d075ef51%3Fw%3D800%26q%3D80&w=828&q=75:0
[  359601ms] [ERROR] Failed to load resource: the server responded with a status of 404 (Not Found) @ http://localhost:3000/_next/image?url=https%3A%2F%2Fimages.unsplash.com%2Fphoto-1555990538-1e27583de5e1%3Fw%3D800%26q%3D80&w=828&q=75:0
[ 1984785ms] [ERROR] ./src/app/destination/[slug]/page.tsx:14:1
Module not found: Can't resolve '@/components/destination/MapLoader'
  12 | import { ThingsToDoSection } from '@/components/destination/ThingsToDoSection'
  13 | import { DestinationJsonLd } from '@/components/DestinationJsonLd'
> 14 | import { MapLoader } from '@/components/destination/MapLoader'
     | ^^^^^^^^^^^^^^^^^^^^^^^^^^^^^^^^^^^^^^^^^^^^^^^^^^^^^^^^^^^^^^
  15 |
  16 | const destinations = rawDestinations as Destination[]
  17 |

Import map: aliased to relative './src/components/destination/MapLoader' inside of [project]/

https://nextjs.org/docs/messages/module-not-found @ http://localhost:3000/_next/static/chunks/node_modules_next_dist_115brz8._.js:3272
[ 1984855ms] [ERROR] ./src/app/destination/[slug]/page.tsx:14:1
Module not found: Can't resolve '@/components/destination/MapLoader'
  12 | import { ThingsToDoSection } from '@/components/destination/ThingsToDoSection'
  13 | import { DestinationJsonLd } from '@/components/DestinationJsonLd'
> 14 | import { MapLoader } from '@/components/destination/MapLoader'
     | ^^^^^^^^^^^^^^^^^^^^^^^^^^^^^^^^^^^^^^^^^^^^^^^^^^^^^^^^^^^^^^
  15 |
  16 | const destinations = rawDestinations as Destination[]
  17 |

Import map: aliased to relative './src/components/destination/MapLoader' inside of [project]/

https://nextjs.org/docs/messages/module-not-found @ http://localhost:3000/_next/static/chunks/node_modules_next_dist_115brz8._.js:3272
